============================================================================
| ACPYPE: AnteChamber PYthon Parser interfacE v. 2023.10.27 (c) 2026 AWSdS |
============================================================================
DEBUG: CLI: -i GNP.mol2 -a gaff2 -c gas -n -4 -o gmx
DEBUG: Python Version 3.10.12 (main, Jan 26 2026, 14:55:28) [GCC 11.4.0]
DEBUG: Max execution time tolerance is 3h
DEBUG: /mnt/e/conda_envs/ambertools/bin/antechamber -dr no -i GNP.mol2 -fi mol2 -o tmp -fo ac -pf y
DEBUG: Info: The atom type is set to gaff; the options available to the -at flag are
 gaff, gaff2, amber, bcc, abcg2, and sybyl.

Warning: The assigned bond types may be wrong, please :
(1) double check the structure (the connectivity) and/or 
(2) adjust atom valence penalty parameters in APS.DAT, and/or 
(3) increase PSCUTOFF in define.h and recompile bondtype.c
 (be cautious, using a large value of PSCUTOFF (>100) will 
 significantly increase the computation time).

DEBUG: setResNameCheckCoords done
DEBUG: Net charge drift '0.000000'
==> ... charge set to -4
==> Executing Antechamber...
DEBUG: /mnt/e/conda_envs/ambertools/bin/antechamber -dr no -i GNP.mol2 -fi mol2 -o GNP_gas_gaff2.mol2 -fo mol2 -c gas -nc -4 -m 1 -s 2 -df 2 -at gaff2 -pf n 
DEBUG: No file left to be removed
==> * Antechamber OK *
DEBUG: /mnt/e/conda_envs/ambertools/bin/parmchk2 -i GNP_gas_gaff2.mol2 -f mol2 -o GNP_AC.frcmod -s 2
==> * Parmchk OK *
DEBUG: No crd or prm files left to be removed
==> Executing Tleap...
DEBUG: /mnt/e/conda_envs/ambertools/bin/tleap -f tleap.in
DEBUG: ++++++++++start_quote+++++++++++++++++++++++++++++++++++++++++++++++++++++++++++
DEBUG: Checking 'GNP'....

/mnt/e/conda_envs/ambertools/bin/teLeap: Warning!
The unperturbed charge of the unit (-4.000002) is not zero.
Checking parameters for unit 'GNP'.
Checking for bond parameters.
Checking for angle parameters.
check: Warnings: 1
Unit is OK.
DEBUG: ++++++++++end_quote+++++++++++++++++++++++++++++++++++++++++++++++++++++++++++++
==> * Tleap OK *
==> Removing temporary files...
DEBUG: prmtop and inpcrd files loaded
DEBUG: basename defined = 'GNP'
DEBUG: getCoords done
DEBUG: getABCOEFs done
DEBUG: charge to be balanced: total -4.0000019987
DEBUG: balanceCharges done
DEBUG: Balanced TotalCharge -4.0000000000
DEBUG: PBC = None
DEBUG: getAtoms done
DEBUG: getBonds done
DEBUG: getAngles done
DEBUG: getDihedrals done
==> Using OpenBabel v.3.1.0

==> Writing GROMACS files

==> Disambiguating lower and uppercase atomtypes in GMX top file, even if identical.

DEBUG: writing GRO file
DEBUG: Box size estimated
DEBUG: writing POSRE file
DEBUG: atomTypes 9
DEBUG: GMX atomtypes done
DEBUG: atoms 32
DEBUG: GMX atoms done
DEBUG: bonds 34
DEBUG: GMX bonds done
DEBUG: atomPairs 50
DEBUG: GMX pairs done
DEBUG: angles 54
DEBUG: GMX angles done
DEBUG: setProperDihedralsCoef done
DEBUG: properDihedralsCoefRB 63
DEBUG: properDihedralsAlphaGamma 0
DEBUG: properDihedralsGmx45 64
==> Writing GMX dihedrals for GMX 4.5 and higher.

DEBUG: GMX special proper dihedrals done
DEBUG: improperDihedrals 9
DEBUG: GMX improper dihedrals done
==> Writing pickle file GNP.pkl
==> Removing temporary files...
Total time of execution: less than a second
DEBUG: No tmp folder left to be removed
